<?xml version="1.0" encoding="UTF-8"?>
<!-- Generated by org.testng.reporters.JUnitReportReporter -->
<testsuite skipped="0" hostname="paras" name="XpathAxes" tests="1" failures="0" timestamp="16 Mar 2019 17:33:42 GMT" time="8.689" errors="0">
  <testcase name="f" time="8.689" classname="XpathAxes"/>
</testsuite> <!-- XpathAxes -->
