<?xml version="1.0" encoding="UTF-8"?>
<!-- Generated by org.testng.reporters.JUnitReportReporter -->
<testsuite skipped="0" hostname="paras" name="Hello2" tests="2" failures="0" timestamp="13 Mar 2019 05:05:09 GMT" time="0.017" errors="0">
  <testcase name="f" time="0.011" classname="Hello2"/>
  <testcase name="f" time="0.006" classname="Hello2"/>
</testsuite> <!-- Hello2 -->
