<?xml version="1.0" encoding="UTF-8"?>
<!-- Generated by org.testng.reporters.JUnitReportReporter -->
<testsuite hostname="paras" failures="0" tests="3" name="TestngAt" time="6.800" errors="0" timestamp="23 Jan 2019 08:38:47 GMT" skipped="1">
  <testcase classname="TestngAt" name="view" time="0.921"/>
  <testcase classname="TestngAt" name="hover" time="5.879"/>
  <testcase classname="TestngAt" name="teardown">
    <skipped/>
  </testcase> <!-- teardown -->
</testsuite> <!-- TestngAt -->
